Creating new Movie with title 'Sisu' and opinion 'rad'
Setting the opinion to 'rad'...
    - OK
    - The Movie object now has: title = 'Sisu', opinion = 'rad'
Setting the opinion to 'rad'...
    - OK
    - The Movie object now has: title = 'Sisu', opinion = 'rad'
Setting the opinion to 'rotten'...
    - OK
    - The Movie object now has: title = 'Sisu', opinion = 'rotten'
Setting the opinion to 'meh'...
    - OK
    - The Movie object now has: title = 'Sisu', opinion = 'meh'
Setting the opinion to 'wicked'...
    - OK
    - The Movie object now has: title = 'Sisu', opinion = 'wicked'
Setting the opinion to 'legit'...
    - OK
    - The Movie object now has: title = 'Sisu', opinion = 'legit'
Setting the opinion to '-23'...
    - Failed! Invalid opinion: '-23'
    - The Movie object now has: title = 'Sisu', opinion = 'legit'
Setting the opinion to '  '...
    - Failed! Invalid opinion: '  '
    - The Movie object now has: title = 'Sisu', opinion = 'legit'
Setting the opinion to '22'...
    - Failed! Invalid opinion: '22'
    - The Movie object now has: title = 'Sisu', opinion = 'legit'
Setting the opinion to 'a'...
    - Failed! Invalid opinion: 'a'
    - The Movie object now has: title = 'Sisu', opinion = 'legit'
Setting the opinion to 'bcd'...
    - Failed! Invalid opinion: 'bcd'
    - The Movie object now has: title = 'Sisu', opinion = 'legit'
Setting the opinion to '0011'...
    - Failed! Invalid opinion: '0011'
    - The Movie object now has: title = 'Sisu', opinion = 'legit'
Setting the opinion to 'null'...
    - Failed! Invalid opinion: 'null'
    - The Movie object now has: title = 'Sisu', opinion = 'legit'
