Creating new Movie with title 'Sisu' and opinion 'rad'...
    - OK: title = 'Sisu', opinion = 'rad'
Creating new Movie with title 'The Thing (1982)' and opinion 'wicked'...
    - OK: title = 'The Thing (1982)', opinion = 'wicked'
Creating new Movie with title 'The Thing (2011)' and opinion 'rotten'...
    - OK: title = 'The Thing (2011)', opinion = 'rotten'
Creating new Movie with title 'The Room' and opinion 'rotten'...
    - OK: title = 'The Room', opinion = 'rotten'
Creating new Movie with title 'American Sniper' and opinion 'legit'...
    - OK: title = 'American Sniper', opinion = 'legit'
Creating new Movie with title 'Dune (1984)' and opinion 'meh'...
    - OK: title = 'Dune (1984)', opinion = 'meh'
Creating new Movie with title 'Dune (2021)' and opinion 'wicked'...
    - OK: title = 'Dune (2021)', opinion = 'wicked'
Creating new Movie with title 'Galaxy Quest' and opinion 'rad'...
    - OK: title = 'Galaxy Quest', opinion = 'rad'
Creating new Movie with title '' and opinion 'rotten'...
    - Failed! Invalid title: ''
Creating new Movie with title ' Cinderella' and opinion 'wicked'...
    - Failed! Invalid title: ' Cinderella'
Creating new Movie with title 'Snow White (1937) ' and opinion 'legit'...
    - Failed! Invalid title: 'Snow White (1937) '
Creating new Movie with title 'null' and opinion 'wicked'...
    - Failed! Invalid title: 'null'
Creating new Movie with title 'John  Wick: Chapter 4' and opinion 'legit'...
    - Failed! Invalid title: 'John  Wick: Chapter 4'
