Number of rows: 6
 - Seats on row 0: 8 (8 available)
 - Seats on row 1: 9 (9 available)
 - Seats on row 2: 8 (8 available)
 - Seats on row 3: 9 (9 available)
 - Seats on row 4: 8 (8 available)
 - Seats on row 5: 9 (9 available)
Total number of seats: 51

Seats map:
........
.........
........
.........
........
.........

Total number of available seats: 51

Booking some seats...

Seats map:
...X....
....X....
........
....XX...
.......X
.X.......

Total number of available seats: 45
 - Seats on row 0: 8 (7 available)
 - Seats on row 1: 9 (8 available)
 - Seats on row 2: 8 (8 available)
 - Seats on row 3: 9 (7 available)
 - Seats on row 4: 8 (7 available)
 - Seats on row 5: 9 (8 available)

Releasing some seats...

Seats map:
........
....X....
........
.........
.......X
.X.......

Total number of available seats: 48
 - Seats on row 0: 8 (8 available)
 - Seats on row 1: 9 (8 available)
 - Seats on row 2: 8 (8 available)
 - Seats on row 3: 9 (9 available)
 - Seats on row 4: 8 (7 available)
 - Seats on row 5: 9 (8 available)
