Grid of size 1x1:
+-+
| |
+-+
Is there a winner? No

Grid of size 2x2:
+-+-+
| |X|
+-+-+
| |X|
+-+-+
Is there a winner? Yes

Grid of size 3x3:
+-+-+-+
|O|O| |
+-+-+-+
| | | |
+-+-+-+
| |O|O|
+-+-+-+
Is there a winner? No

Grid of size 4x4:
+-+-+-+-+
|O|O|O|O|
+-+-+-+-+
| |X| |X|
+-+-+-+-+
| | |O| |
+-+-+-+-+
| |O| |O|
+-+-+-+-+
Is there a winner? Yes

Grid of size 5x5:
+-+-+-+-+-+
|O| | | | |
+-+-+-+-+-+
|O| | |X| |
+-+-+-+-+-+
| |X|O| | |
+-+-+-+-+-+
| | | |O|O|
+-+-+-+-+-+
|O| | | | |
+-+-+-+-+-+
Is there a winner? No

