Grid of size 1x1:
+-+
| |
+-+
Is there a winner? No

Grid of size 2x2:
+-+-+
|X|X|
+-+-+
| | |
+-+-+
Is there a winner? Yes

Grid of size 3x3:
+-+-+-+
| | | |
+-+-+-+
| |X| |
+-+-+-+
| |O| |
+-+-+-+
Is there a winner? No

Grid of size 4x4:
+-+-+-+-+
|X|O| |X|
+-+-+-+-+
|O|X| | |
+-+-+-+-+
| | | |X|
+-+-+-+-+
| | | |X|
+-+-+-+-+
Is there a winner? No

Grid of size 5x5:
+-+-+-+-+-+
|O|O|O|O|O|
+-+-+-+-+-+
| | | |X| |
+-+-+-+-+-+
| | |X| | |
+-+-+-+-+-+
|O| |X| | |
+-+-+-+-+-+
|O|X| |X|O|
+-+-+-+-+-+
Is there a winner? Yes

