Empty playground with 8 rows, 8 columns:
X.......
........
........
........
........
........
........
........

Playground with monsters:
X.....O.
.....D..
D.......
...W....
........
.......W
...O....
........
Row 0, column 6: Toxinpest (owlbear; health: 59)
Row 1, column 5: Emberteeth (demogorgon; health: 200)
Row 2, column 0: Chaosscreamer (demogorgon; health: 200)
Row 3, column 3: Slagstep (wumpus; health: 20)
Row 5, column 7: Thunderscream (wumpus; health: 20)
Row 6, column 3: Umbraface (owlbear; health: 59)
