X.........
..........
..W.......
....O.....
..........
..........
..........
..........
.......D..
..........
Row 2, column 2: Vileling (wumpus; health: 20)
Row 3, column 4: Blackfur (owlbear; health: 59)
Row 8, column 7: Darkterror (demogorgon; health: 200)
..........
..........
.XW.......
....O.....
..........
..........
..........
..........
.......D..
..........
Row 2, column 2: Vileling (wumpus; health: 20)
Row 3, column 4: Blackfur (owlbear; health: 59)
Row 8, column 7: Darkterror (demogorgon; health: 200)
You were eaten by Blackfur (owlbear; health: 59)
