Playground with monsters:
X.......
..O.....
........
....W.O.
.....D..
........
.......W
..D.....
Row 1, column 2: Umbraface (owlbear; health: 59)
Row 3, column 4: Slagstep (wumpus; health: 20)
Row 3, column 6: Toxinpest (owlbear; health: 59)
Row 4, column 5: Chaosscreamer (demogorgon; health: 200)
Row 6, column 7: Thunderscream (wumpus; health: 20)
Row 7, column 2: Emberteeth (demogorgon; health: 200)

Player burns while at row 1, column 0 (damage 20)

Updated playground with monsters:
X.......
..O.....
........
....W.O.
.....D..
........
.......W
..D.....
Row 1, column 2: Umbraface (owlbear; health: 39)
Row 3, column 4: Slagstep (wumpus; health: 20)
Row 3, column 6: Toxinpest (owlbear; health: 59)
Row 4, column 5: Chaosscreamer (demogorgon; health: 200)
Row 6, column 7: Thunderscream (wumpus; health: 20)
Row 7, column 2: Emberteeth (demogorgon; health: 200)

Player burns while at row 3, column 5 (damage 60)

Updated playground with monsters:
X.......
..O.....
........
....W.O.
.....D..
........
.......W
..D.....
Row 1, column 2: Umbraface (owlbear; health: 39)
Row 3, column 4: Slagstep (wumpus; health: 0)
Row 3, column 6: Toxinpest (owlbear; health: 0)
Row 4, column 5: Chaosscreamer (demogorgon; health: 170)
Row 6, column 7: Thunderscream (wumpus; health: 20)
Row 7, column 2: Emberteeth (demogorgon; health: 200)

Player burns while at row 7, column 1 (damage 80)

Updated playground with monsters:
X.......
..O.....
........
....W.O.
.....D..
........
.......W
..D.....
Row 1, column 2: Umbraface (owlbear; health: 39)
Row 3, column 4: Slagstep (wumpus; health: 0)
Row 3, column 6: Toxinpest (owlbear; health: 0)
Row 4, column 5: Chaosscreamer (demogorgon; health: 170)
Row 6, column 7: Thunderscream (wumpus; health: 20)
Row 7, column 2: Emberteeth (demogorgon; health: 160)
