Playground with monsters:
X.......
..T.....
........
....W.B.
.....D..
........
.......O
..D.....
Row 1, column 2: Raurgoch (thing; health: 30)
Row 3, column 4: Slagstep (wumpus; health: 20)
Row 3, column 6: Krashos (beholder; health: 70)
Row 4, column 5: Despayr (dragon; health: 1000)
Row 6, column 7: Toxinpest (owlbear; health: 59)
Row 7, column 2: Emberteeth (demogorgon; health: 200)

Player hits while at row 1, column 0 (damage 30)

Updated playground with monsters:
X.......
..T.....
........
....W.B.
.....D..
........
.......O
..D.....
Row 1, column 2: Raurgoch (thing; health: 30)
Row 3, column 4: Slagstep (wumpus; health: 20)
Row 3, column 6: Krashos (beholder; health: 70)
Row 4, column 5: Despayr (dragon; health: 1000)
Row 6, column 7: Toxinpest (owlbear; health: 59)
Row 7, column 2: Emberteeth (demogorgon; health: 200)

Player hits while at row 3, column 5 (damage 26)

Updated playground with monsters:
X.......
..T.....
........
....W.B.
.....D..
........
.......O
..D.....
Row 1, column 2: Raurgoch (thing; health: 30)
Row 3, column 4: Slagstep (wumpus; health: 0)
Row 3, column 6: Krashos (beholder; health: 44)
Row 4, column 5: Despayr (dragon; health: 987)
Row 6, column 7: Toxinpest (owlbear; health: 59)
Row 7, column 2: Emberteeth (demogorgon; health: 200)

Player hits while at row 7, column 7 (damage 19)

Updated playground with monsters:
X.......
..T.....
........
....W.B.
.....D..
........
.......O
..D.....
Row 1, column 2: Raurgoch (thing; health: 30)
Row 3, column 4: Slagstep (wumpus; health: 0)
Row 3, column 6: Krashos (beholder; health: 44)
Row 4, column 5: Despayr (dragon; health: 987)
Row 6, column 7: Toxinpest (owlbear; health: 50)
Row 7, column 2: Emberteeth (demogorgon; health: 200)
