X.........
..........
..O.......
....S.....
..........
..........
..........
..........
.......W..
..........
Row 2, column 2: Blackfur (owlbear; health: 59)
Row 3, column 4: Skinnyguy (skeleton; health: 20)
Row 8, column 7: Vileling (wumpus; health: 20)
..........
..........
.XO.......
....S.....
..........
..........
..........
..........
.......W..
..........
Row 2, column 2: Blackfur (owlbear; health: 59)
Row 3, column 4: Skinnyguy (skeleton; health: 20)
Row 8, column 7: Vileling (wumpus; health: 20)
You were eaten by Skinnyguy (skeleton; health: 20)
