Empty playground with 8 rows, 8 columns:
X.......
........
........
........
........
........
........
........

Playground with monsters:
X.....O.
........
..D.....
...W....
....D...
.......T
........
.....S..
Row 0, column 6: Toxinpest (owlbear; health: 59)
Row 2, column 2: Chaosscreamer (demogorgon; health: 200)
Row 3, column 3: Slagstep (wumpus; health: 20)
Row 4, column 4: Despayr (dragon; health: 1000)
Row 5, column 7: Thunderscream (thing; health: 30)
Row 7, column 5: Skinnyguy (skeleton; health: 42)
