Playground with monsters:
X.......
..T.....
........
....W.B.
.....D..
........
.......O
..D.....
Row 1, column 2: Raurgoch (thing; health: 30)
Row 3, column 4: Slagstep (wumpus; health: 20)
Row 3, column 6: Krashos (beholder; health: 70)
Row 4, column 5: Despayr (dragon; health: 1000)
Row 6, column 7: Toxinpest (owlbear; health: 59)
Row 7, column 2: Emberteeth (demogorgon; health: 200)

Player burns while at row 1, column 0 (damage 20)

Updated playground with monsters:
X.......
..T.....
........
....W.B.
.....D..
........
.......O
..D.....
Row 1, column 2: Raurgoch (thing; health: 0)
Row 3, column 4: Slagstep (wumpus; health: 20)
Row 3, column 6: Krashos (beholder; health: 70)
Row 4, column 5: Despayr (dragon; health: 1000)
Row 6, column 7: Toxinpest (owlbear; health: 59)
Row 7, column 2: Emberteeth (demogorgon; health: 200)

Player burns while at row 3, column 5 (damage 60)

Updated playground with monsters:
X.......
..T.....
........
....W.B.
.....D..
........
.......O
..D.....
Row 1, column 2: Raurgoch (thing; health: 0)
Row 3, column 4: Slagstep (wumpus; health: 0)
Row 3, column 6: Krashos (beholder; health: 0)
Row 4, column 5: Despayr (dragon; health: 970)
Row 6, column 7: Toxinpest (owlbear; health: 59)
Row 7, column 2: Emberteeth (demogorgon; health: 200)

Player burns while at row 7, column 1 (damage 80)

Updated playground with monsters:
X.......
..T.....
........
....W.B.
.....D..
........
.......O
..D.....
Row 1, column 2: Raurgoch (thing; health: 0)
Row 3, column 4: Slagstep (wumpus; health: 0)
Row 3, column 6: Krashos (beholder; health: 0)
Row 4, column 5: Despayr (dragon; health: 970)
Row 6, column 7: Toxinpest (owlbear; health: 59)
Row 7, column 2: Emberteeth (demogorgon; health: 160)
