XDD.......
DDD.......
STD.......
..........
..........
..........
..........
..........
..........
..........
Row 0, column 1: Hellsoul (demogorgon; health: 200)
Row 0, column 2: Hellsoul's illusion 3 (demogorgon; health: 200)
Row 1, column 0: Hellsoul's illusion 2 (demogorgon; health: 200)
Row 1, column 1: Hellsoul's illusion 1 (demogorgon; health: 200)
Row 1, column 2: Hellsoul's illusion 4 (demogorgon; health: 200)
Row 2, column 0: Skinnyguy (skeleton; health: 42)
Row 2, column 1: Mashface (thing; health: 30)
Row 2, column 2: Hellsoul's illusion 5 (demogorgon; health: 200)
You won!
Row 0, column 1: Hellsoul (demogorgon; health: 0)
Row 0, column 2: Hellsoul's illusion 3 (demogorgon; health: 0)
Row 1, column 0: Hellsoul's illusion 2 (demogorgon; health: 0)
Row 1, column 1: Hellsoul's illusion 1 (demogorgon; health: 0)
Row 1, column 2: Hellsoul's illusion 4 (demogorgon; health: 0)
Row 2, column 0: Skinnyguy (skeleton; health: 0)
Row 2, column 1: Mashface (thing; health: 0)
Row 2, column 2: Hellsoul's illusion 5 (demogorgon; health: 0)
