Creating new Movie with title 'Sisu' and opinion 'rad'
Setting the title to 'The Thing (1982)'...
    - OK
    - The Movie object now has: title = 'The Thing (1982)', opinion = 'rad'
Setting the title to 'The Thing (2011)'...
    - OK
    - The Movie object now has: title = 'The Thing (2011)', opinion = 'rad'
Setting the title to 'The Room'...
    - OK
    - The Movie object now has: title = 'The Room', opinion = 'rad'
Setting the title to 'American Sniper'...
    - OK
    - The Movie object now has: title = 'American Sniper', opinion = 'rad'
Setting the title to 'Dune (1984)'...
    - OK
    - The Movie object now has: title = 'Dune (1984)', opinion = 'rad'
Setting the title to 'Dune (2021)'...
    - OK
    - The Movie object now has: title = 'Dune (2021)', opinion = 'rad'
Setting the title to 'Galaxy Quest'...
    - OK
    - The Movie object now has: title = 'Galaxy Quest', opinion = 'rad'
Setting the title to ''...
    - Failed! Invalid title: ''
    - The Movie object now has: title = 'Galaxy Quest', opinion = 'rad'
Setting the title to ' Cinderella'...
    - Failed! Invalid title: ' Cinderella'
    - The Movie object now has: title = 'Galaxy Quest', opinion = 'rad'
Setting the title to 'Snow White (1937) '...
    - Failed! Invalid title: 'Snow White (1937) '
    - The Movie object now has: title = 'Galaxy Quest', opinion = 'rad'
Setting the title to 'null'...
    - Failed! Invalid title: 'null'
    - The Movie object now has: title = 'Galaxy Quest', opinion = 'rad'
Setting the title to 'John  Wick: Chapter 4'...
    - Failed! Invalid title: 'John  Wick: Chapter 4'
    - The Movie object now has: title = 'Galaxy Quest', opinion = 'rad'
